<?xml version="1.0" encoding="UTF-8"?>
<testng-results skipped="0" failed="0" total="1" passed="1">
  <reporter-output>
  </reporter-output>
  <suite name="Default suite" duration-ms="30106" started-at="2019-07-19T08:24:58Z" finished-at="2019-07-19T08:25:28Z">
    <groups>
    </groups>
    <test name="Default test" duration-ms="30106" started-at="2019-07-19T08:24:58Z" finished-at="2019-07-19T08:25:28Z">
      <class name="greenfield.NewTest">
        <test-method status="PASS" signature="beforeMethod()[pri:0, instance:greenfield.NewTest@6debcae2]" name="beforeMethod" is-config="true" duration-ms="21129" started-at="2019-07-19T13:54:58Z" finished-at="2019-07-19T13:55:19Z">
          <reporter-output>
          </reporter-output>
        </test-method> <!-- beforeMethod -->
        <test-method status="PASS" signature="f()[pri:0, instance:greenfield.NewTest@6debcae2]" name="f" duration-ms="8169" started-at="2019-07-19T13:55:19Z" finished-at="2019-07-19T13:55:27Z">
          <reporter-output>
          </reporter-output>
        </test-method> <!-- f -->
        <test-method status="PASS" signature="afterMethod()[pri:0, instance:greenfield.NewTest@6debcae2]" name="afterMethod" is-config="true" duration-ms="781" started-at="2019-07-19T13:55:27Z" finished-at="2019-07-19T13:55:28Z">
          <reporter-output>
          </reporter-output>
        </test-method> <!-- afterMethod -->
      </class> <!-- greenfield.NewTest -->
    </test> <!-- Default test -->
  </suite> <!-- Default suite -->
</testng-results>
